  AccountBalancer.cpp
AccountBalancer.cpp(23): warning C4838: conversion from 'int' to 'SHORT' requires a narrowing conversion
AccountBalancer.cpp(34): warning C4838: conversion from 'int' to 'SHORT' requires a narrowing conversion
AccountBalancer.cpp(35): warning C4838: conversion from 'int' to 'SHORT' requires a narrowing conversion
AccountBalancer.cpp(251): warning C4018: '<': signed/unsigned mismatch
AccountBalancer.cpp(280): warning C4018: '<': signed/unsigned mismatch
AccountBalancer.cpp(316): warning C4244: 'argument': conversion from 'double' to 'float', possible loss of data
AccountBalancer.cpp(464): warning C4018: '<': signed/unsigned mismatch
AccountBalancer.cpp(342): warning C4018: '<': signed/unsigned mismatch
  AccountBalancer.cpp(642): note: see reference to function template instantiation 'float VectorAdd<float>(std::vector<float,std::allocator<_Ty>>)' being compiled
          with
          [
              _Ty=float
          ]
  Generating code
  3 of 361 functions ( 0.8%) were compiled, the rest were copied from previous compilation.
    0 functions were new in current compilation
    4 functions had inline decision re-evaluated but remain unchanged
  Finished generating code
  AccountBalancer.vcxproj -> D:\Users\Ben25\Documents\GitHub\AccountBalancerProgram\SourceCode\Release\AccountBalancer.exe
